<?xml version="1.0" encoding="UTF-8"?>
<testng-results ignored="0" total="1" passed="1" failed="0" skipped="0">
  <reporter-output>
  </reporter-output>
  <suite started-at="2020-02-13T01:25:51Z" name="Surefire suite" finished-at="2020-02-13T01:26:02Z" duration-ms="11330">
    <groups>
      <group name="cucumber">
        <method signature="AbstractTestNGCucumberTests.runScenario(cucumber.api.testng.PickleEventWrapper, cucumber.api.testng.CucumberFeatureWrapper)[pri:0, instance:runners.Runner@701fc37a]" name="runScenario" class="cucumber.api.testng.AbstractTestNGCucumberTests"/>
      </group> <!-- cucumber -->
    </groups>
    <test started-at="2020-02-13T01:25:51Z" name="Surefire test" finished-at="2020-02-13T01:26:02Z" duration-ms="11330">
      <class name="runners.Runner">
        <test-method is-config="true" signature="setUp()[pri:0, instance:runners.Runner@701fc37a]" started-at="2020-02-13T01:25:51Z" name="setUp" finished-at="2020-02-13T01:25:51Z" duration-ms="23" status="PASS">
          <reporter-output>
          </reporter-output>
        </test-method> <!-- setUp -->
        <test-method is-config="true" signature="setUpClass()[pri:0, instance:runners.Runner@701fc37a]" started-at="2020-02-13T01:25:51Z" name="setUpClass" finished-at="2020-02-13T01:25:51Z" duration-ms="173" status="PASS">
          <reporter-output>
          </reporter-output>
        </test-method> <!-- setUpClass -->
        <test-method is-config="true" signature="startTest()[pri:0, instance:runners.Runner@701fc37a]" started-at="2020-02-13T01:25:51Z" name="startTest" finished-at="2020-02-13T01:25:58Z" duration-ms="7215" status="PASS">
          <reporter-output>
          </reporter-output>
        </test-method> <!-- startTest -->
        <test-method signature="runScenario(cucumber.api.testng.PickleEventWrapper, cucumber.api.testng.CucumberFeatureWrapper)[pri:0, instance:runners.Runner@701fc37a]" started-at="2020-02-13T01:25:58Z" name="runScenario" description="Runs Cucumber Scenarios" data-provider="scenarios" finished-at="2020-02-13T01:26:01Z" duration-ms="3038" status="PASS">
          <params>
            <param index="0">
              <value>
                <![CDATA["Log In to application"]]>
              </value>
            </param>
            <param index="1">
              <value>
                <![CDATA["Log in page test"]]>
              </value>
            </param>
          </params>
          <reporter-output>
          </reporter-output>
        </test-method> <!-- runScenario -->
        <test-method is-config="true" signature="closeTest()[pri:0, instance:runners.Runner@701fc37a]" started-at="2020-02-13T01:26:01Z" name="closeTest" finished-at="2020-02-13T01:26:02Z" duration-ms="786" status="PASS">
          <reporter-output>
          </reporter-output>
        </test-method> <!-- closeTest -->
        <test-method is-config="true" signature="tearDownClass()[pri:0, instance:runners.Runner@701fc37a]" started-at="2020-02-13T01:26:02Z" name="tearDownClass" finished-at="2020-02-13T01:26:02Z" duration-ms="71" status="PASS">
          <reporter-output>
          </reporter-output>
        </test-method> <!-- tearDownClass -->
      </class> <!-- runners.Runner -->
    </test> <!-- Surefire test -->
  </suite> <!-- Surefire suite -->
</testng-results>
